#
# There is insufficient memory for the Java Runtime Environment to continue.
# Native memory allocation (mmap) failed to map 4194304 bytes for G1 virtual space
# Possible reasons:
#   The system is out of physical RAM or swap space
#   The process is running with CompressedOops enabled, and the Java Heap may be blocking the growth of the native heap
# Possible solutions:
#   Reduce memory load on the system
#   Increase physical memory or swap space
#   Check if swap backing store is full
#   Decrease Java heap size (-Xmx/-Xms)
#   Decrease number of Java threads
#   Decrease Java thread stack sizes (-Xss)
#   Set larger code cache with -XX:ReservedCodeCacheSize=
#   JVM is running with Unscaled Compressed Oops mode in which the Java heap is
#     placed in the first 4GB address space. The Java Heap base address is the
#     maximum limit for the native heap growth. Please use -XX:HeapBaseMinAddress
#     to set the Java Heap base and to place the Java Heap above 4GB virtual address.
# This output file may be truncated or incomplete.
#
#  Out of Memory Error (os_windows.cpp:3771), pid=13592, tid=12424
#
# JRE version: OpenJDK Runtime Environment (17.0.7) (build 17.0.7+0-b2043.56-10550314)
# Java VM: OpenJDK 64-Bit Server VM (17.0.7+0-b2043.56-10550314, mixed mode, tiered, compressed oops, compressed class ptrs, g1 gc, windows-amd64)
# No core dump will be written. Minidumps are not enabled by default on client versions of Windows
#

---------------  S U M M A R Y ------------

Command Line: --add-opens=java.base/java.util=ALL-UNNAMED --add-opens=java.base/java.lang=ALL-UNNAMED --add-opens=java.base/java.lang.invoke=ALL-UNNAMED --add-opens=java.prefs/java.util.prefs=ALL-UNNAMED --add-opens=java.base/java.nio.charset=ALL-UNNAMED --add-opens=java.base/java.net=ALL-UNNAMED --add-opens=java.base/java.util.concurrent.atomic=ALL-UNNAMED -Xmx2048m -Dfile.encoding=UTF-8 -Duser.country=MY -Duser.language=en -Duser.variant org.gradle.launcher.daemon.bootstrap.GradleDaemon 8.0

Host: AMD Ryzen 3 3250U with Radeon Graphics         , 4 cores, 3G,  Windows 11 , 64 bit Build 22621 (10.0.22621.2506)
Time: Thu Dec 14 15:34:07 2023 Malay Peninsula Standard Time elapsed time: 169.649209 seconds (0d 0h 2m 49s)

---------------  T H R E A D  ---------------

Current thread (0x00000190fe9eb630):  VMThread "VM Thread" [stack: 0x0000008c1b100000,0x0000008c1b200000] [id=12424]

Stack: [0x0000008c1b100000,0x0000008c1b200000]
Native frames: (J=compiled Java code, j=interpreted, Vv=VM code, C=native code)
V  [jvm.dll+0x683bfa]
V  [jvm.dll+0x8430a4]
V  [jvm.dll+0x8449be]
V  [jvm.dll+0x845023]
V  [jvm.dll+0x24ad2f]
V  [jvm.dll+0x680ac9]
V  [jvm.dll+0x67519a]
V  [jvm.dll+0x30b3cb]
V  [jvm.dll+0x312876]
V  [jvm.dll+0x36221e]
V  [jvm.dll+0x36244f]
V  [jvm.dll+0x2e14a8]
V  [jvm.dll+0x2e4596]
V  [jvm.dll+0x2eed58]
V  [jvm.dll+0x323a40]
V  [jvm.dll+0x8496eb]
V  [jvm.dll+0x84a424]
V  [jvm.dll+0x84a93d]
V  [jvm.dll+0x84ad14]
V  [jvm.dll+0x84ade0]
V  [jvm.dll+0x7f2aea]
V  [jvm.dll+0x682a35]
C  [ucrtbase.dll+0x29363]
C  [KERNEL32.DLL+0x1257d]
C  [ntdll.dll+0x5aa58]

VM_Operation (0x0000008c1adff5f0): G1Concurrent, mode: safepoint, requested by thread 0x00000190eb4c29e0


---------------  P R O C E S S  ---------------

Threads class SMR info:
_java_thread_list=0x00000190ff70a1b0, length=35, elements={
0x00000190eb457500, 0x00000190fe9f0160, 0x00000190fe9f0fd0, 0x00000190fec9a1a0,
0x00000190fec9ad50, 0x00000190fec9d810, 0x00000190fec9e1c0, 0x00000190fec9ef50,
0x00000190feca4a10, 0x00000190fecd7b90, 0x00000190fedf7d60, 0x00000190fedf8230,
0x000001908b3cd010, 0x000001908a56e530, 0x000001908aa114d0, 0x000001908ab75420,
0x000001908afbf690, 0x000001908aef1c50, 0x000001908ab4c200, 0x000001908b420d00,
0x000001908b4229e0, 0x000001908b41fe90, 0x000001908b422510, 0x000001908b420360,
0x000001908b420830, 0x000001908b4211d0, 0x000001908b41f020, 0x000001908b41f4f0,
0x000001908b4216a0, 0x000001908b41f9c0, 0x000001908b421b70, 0x00000190ff0e09b0,
0x00000190ff0dd990, 0x00000190ff0db7e0, 0x00000190ff0e0010
}

Java Threads: ( => current thread )
  0x00000190eb457500 JavaThread "main" [_thread_blocked, id=9008, stack(0x0000008c1ab00000,0x0000008c1ac00000)]
  0x00000190fe9f0160 JavaThread "Reference Handler" daemon [_thread_blocked, id=13508, stack(0x0000008c1b200000,0x0000008c1b300000)]
  0x00000190fe9f0fd0 JavaThread "Finalizer" daemon [_thread_blocked, id=12000, stack(0x0000008c1b300000,0x0000008c1b400000)]
  0x00000190fec9a1a0 JavaThread "Signal Dispatcher" daemon [_thread_blocked, id=12404, stack(0x0000008c1b400000,0x0000008c1b500000)]
  0x00000190fec9ad50 JavaThread "Attach Listener" daemon [_thread_blocked, id=10468, stack(0x0000008c1b500000,0x0000008c1b600000)]
  0x00000190fec9d810 JavaThread "Service Thread" daemon [_thread_blocked, id=10704, stack(0x0000008c1b600000,0x0000008c1b700000)]
  0x00000190fec9e1c0 JavaThread "Monitor Deflation Thread" daemon [_thread_blocked, id=8852, stack(0x0000008c1b700000,0x0000008c1b800000)]
  0x00000190fec9ef50 JavaThread "C2 CompilerThread0" daemon [_thread_blocked, id=13356, stack(0x0000008c1b800000,0x0000008c1b900000)]
  0x00000190feca4a10 JavaThread "C1 CompilerThread0" daemon [_thread_blocked, id=8060, stack(0x0000008c1b900000,0x0000008c1ba00000)]
  0x00000190fecd7b90 JavaThread "Sweeper thread" daemon [_thread_blocked, id=8508, stack(0x0000008c1ba00000,0x0000008c1bb00000)]
  0x00000190fedf7d60 JavaThread "Common-Cleaner" daemon [_thread_blocked, id=7628, stack(0x0000008c1bb00000,0x0000008c1bc00000)]
  0x00000190fedf8230 JavaThread "Notification Thread" daemon [_thread_blocked, id=10860, stack(0x0000008c1bc00000,0x0000008c1bd00000)]
  0x000001908b3cd010 JavaThread "Daemon health stats" [_thread_blocked, id=6120, stack(0x0000008c1c100000,0x0000008c1c200000)]
  0x000001908a56e530 JavaThread "Incoming local TCP Connector on port 53948" [_thread_in_native, id=8640, stack(0x0000008c1c200000,0x0000008c1c300000)]
  0x000001908aa114d0 JavaThread "Daemon periodic checks" [_thread_blocked, id=9264, stack(0x0000008c1c300000,0x0000008c1c400000)]
  0x000001908ab75420 JavaThread "Daemon" [_thread_blocked, id=4620, stack(0x0000008c1c400000,0x0000008c1c500000)]
  0x000001908afbf690 JavaThread "Handler for socket connection from /127.0.0.1:53948 to /127.0.0.1:53949" [_thread_in_native, id=12468, stack(0x0000008c1c500000,0x0000008c1c600000)]
  0x000001908aef1c50 JavaThread "Cancel handler" [_thread_blocked, id=8644, stack(0x0000008c1c600000,0x0000008c1c700000)]
  0x000001908ab4c200 JavaThread "Daemon worker" [_thread_blocked, id=4568, stack(0x0000008c1c700000,0x0000008c1c800000)]
  0x000001908b420d00 JavaThread "Asynchronous log dispatcher for DefaultDaemonConnection: socket connection from /127.0.0.1:53948 to /127.0.0.1:53949" [_thread_blocked, id=2772, stack(0x0000008c1c800000,0x0000008c1c900000)]
  0x000001908b4229e0 JavaThread "Daemon client event forwarder" [_thread_blocked, id=7584, stack(0x0000008c1ca00000,0x0000008c1cb00000)]
  0x000001908b41fe90 JavaThread "Cache worker for journal cache (C:\Users\User\.gradle\caches\journal-1)" [_thread_blocked, id=10620, stack(0x0000008c1cb00000,0x0000008c1cc00000)]
  0x000001908b422510 JavaThread "File lock request listener" [_thread_in_native, id=10328, stack(0x0000008c1cc00000,0x0000008c1cd00000)]
  0x000001908b420360 JavaThread "Cache worker for file hash cache (C:\Users\User\.gradle\caches\8.0\fileHashes)" [_thread_blocked, id=7804, stack(0x0000008c1cd00000,0x0000008c1ce00000)]
  0x000001908b420830 JavaThread "File watcher server" daemon [_thread_in_native, id=11208, stack(0x0000008c1a800000,0x0000008c1a900000)]
  0x000001908b4211d0 JavaThread "File watcher consumer" daemon [_thread_blocked, id=3332, stack(0x0000008c1aa00000,0x0000008c1ab00000)]
  0x000001908b41f020 JavaThread "jar transforms" [_thread_blocked, id=1852, stack(0x0000008c1c900000,0x0000008c1ca00000)]
  0x000001908b41f4f0 JavaThread "jar transforms Thread 2" [_thread_blocked, id=9740, stack(0x0000008c1ce00000,0x0000008c1cf00000)]
  0x000001908b4216a0 JavaThread "jar transforms Thread 3" [_thread_blocked, id=2088, stack(0x0000008c1cf00000,0x0000008c1d000000)]
  0x000001908b41f9c0 JavaThread "jar transforms Thread 4" [_thread_blocked, id=11348, stack(0x0000008c1d000000,0x0000008c1d100000)]
  0x000001908b421b70 JavaThread "Cache worker for checksums cache (C:\Program Files\Android\Android Studio\ZakatCalculator\.gradle\8.0\checksums)" [_thread_blocked, id=6332, stack(0x0000008c1d100000,0x0000008c1d200000)]
  0x00000190ff0e09b0 JavaThread "Cache worker for cache directory md-rule (C:\Users\User\.gradle\caches\8.0\md-rule)" [_thread_blocked, id=4888, stack(0x0000008c1d200000,0x0000008c1d300000)]
  0x00000190ff0dd990 JavaThread "Cache worker for file content cache (C:\Users\User\.gradle\caches\8.0\fileContent)" [_thread_blocked, id=13720, stack(0x0000008c1d300000,0x0000008c1d400000)]
  0x00000190ff0db7e0 JavaThread "Cache worker for file hash cache (C:\Program Files\Android\Android Studio\ZakatCalculator\.gradle\8.0\fileHashes)" [_thread_blocked, id=1124, stack(0x0000008c1d400000,0x0000008c1d500000)]
  0x00000190ff0e0010 JavaThread "Cache worker for cache directory md-supplier (C:\Users\User\.gradle\caches\8.0\md-supplier)" [_thread_blocked, id=7620, stack(0x0000008c1d500000,0x0000008c1d600000)]

Other Threads:
=>0x00000190fe9eb630 VMThread "VM Thread" [stack: 0x0000008c1b100000,0x0000008c1b200000] [id=12424]
  0x00000190fedf8700 WatcherThread [stack: 0x0000008c1bd00000,0x0000008c1be00000] [id=7324]
  0x00000190eb4b0a90 GCTaskThread "GC Thread#0" [stack: 0x0000008c1ac00000,0x0000008c1ad00000] [id=8608]
  0x00000190ff0d0910 GCTaskThread "GC Thread#1" [stack: 0x0000008c1be00000,0x0000008c1bf00000] [id=2648]
  0x00000190ff7c0b10 GCTaskThread "GC Thread#2" [stack: 0x0000008c1bf00000,0x0000008c1c000000] [id=2824]
  0x00000190ff19a5f0 GCTaskThread "GC Thread#3" [stack: 0x0000008c1c000000,0x0000008c1c100000] [id=9972]
  0x00000190eb4c29e0 ConcurrentGCThread "G1 Main Marker" [stack: 0x0000008c1ad00000,0x0000008c1ae00000] [id=11784]
  0x00000190eb4c33f0 ConcurrentGCThread "G1 Conc#0" [stack: 0x0000008c1ae00000,0x0000008c1af00000] [id=10256]
  0x00000190eb502790 ConcurrentGCThread "G1 Refine#0" [stack: 0x0000008c1af00000,0x0000008c1b000000] [id=1400]
  0x00000190eb5031b0 ConcurrentGCThread "G1 Service" [stack: 0x0000008c1b000000,0x0000008c1b100000] [id=2008]

Threads with active compile tasks:

VM state: at safepoint (normal execution)

VM Mutex/Monitor currently owned by a thread:  ([mutex/lock_event])
[0x00000190eb451e70] Threads_lock - owner thread: 0x00000190fe9eb630
[0x00000190eb452920] Heap_lock - owner thread: 0x00000190eb4c29e0

Heap address: 0x0000000080000000, size: 2048 MB, Compressed Oops mode: 32-bit

CDS archive(s) not mapped
Compressed class space mapped at: 0x0000000100000000-0x0000000140000000, reserved size: 1073741824
Narrow klass base: 0x0000000000000000, Narrow klass shift: 3, Narrow klass range: 0x140000000

GC Precious Log:
 CPUs: 4 total, 4 available
 Memory: 3522M
 Large Page Support: Disabled
 NUMA Support: Disabled
 Compressed Oops: Enabled (32-bit)
 Heap Region Size: 1M
 Heap Min Capacity: 8M
 Heap Initial Capacity: 56M
 Heap Max Capacity: 2G
 Pre-touch: Disabled
 Parallel Workers: 4
 Concurrent Workers: 1
 Concurrent Refinement Workers: 4
 Periodic GC: Disabled

Heap:
 garbage-first heap   total 81920K, used 49344K [0x0000000080000000, 0x0000000100000000)
  region size 1024K, 2 young (2048K), 1 survivors (1024K)
 Metaspace       used 33408K, committed 33792K, reserved 1114112K
  class space    used 4617K, committed 4800K, reserved 1048576K

Heap Regions: E=young(eden), S=young(survivor), O=old, HS=humongous(starts), HC=humongous(continues), CS=collection set, F=free, OA=open archive, CA=closed archive, TAMS=top-at-mark-start (previous, next)
|   0|0x0000000080000000, 0x0000000080100000, 0x0000000080100000|100%| O|  |TAMS 0x0000000080100000, 0x0000000080000000| Untracked 
|   1|0x0000000080100000, 0x0000000080200000, 0x0000000080200000|100%| O|  |TAMS 0x0000000080200000, 0x0000000080100000| Untracked 
|   2|0x0000000080200000, 0x0000000080300000, 0x0000000080300000|100%|HS|  |TAMS 0x0000000080300000, 0x0000000080200000| Complete 
|   3|0x0000000080300000, 0x0000000080400000, 0x0000000080400000|100%|HC|  |TAMS 0x0000000080400000, 0x0000000080300000| Complete 
|   4|0x0000000080400000, 0x0000000080500000, 0x0000000080500000|100%|HC|  |TAMS 0x0000000080500000, 0x0000000080400000| Complete 
|   5|0x0000000080500000, 0x0000000080600000, 0x0000000080600000|100%|HC|  |TAMS 0x0000000080600000, 0x0000000080500000| Complete 
|   6|0x0000000080600000, 0x0000000080700000, 0x0000000080700000|100%| O|  |TAMS 0x0000000080700000, 0x0000000080600000| Untracked 
|   7|0x0000000080700000, 0x0000000080800000, 0x0000000080800000|100%| O|  |TAMS 0x0000000080800000, 0x0000000080700000| Untracked 
|   8|0x0000000080800000, 0x0000000080900000, 0x0000000080900000|100%| O|  |TAMS 0x0000000080900000, 0x0000000080800000| Updating 
|   9|0x0000000080900000, 0x0000000080a00000, 0x0000000080a00000|100%| O|  |TAMS 0x0000000080a00000, 0x0000000080900000| Untracked 
|  10|0x0000000080a00000, 0x0000000080b00000, 0x0000000080b00000|100%| O|  |TAMS 0x0000000080b00000, 0x0000000080a00000| Updating 
|  11|0x0000000080b00000, 0x0000000080c00000, 0x0000000080c00000|100%| O|  |TAMS 0x0000000080c00000, 0x0000000080b00000| Untracked 
|  12|0x0000000080c00000, 0x0000000080d00000, 0x0000000080d00000|100%| O|  |TAMS 0x0000000080d00000, 0x0000000080c00000| Untracked 
|  13|0x0000000080d00000, 0x0000000080e00000, 0x0000000080e00000|100%| O|  |TAMS 0x0000000080e00000, 0x0000000080d00000| Untracked 
|  14|0x0000000080e00000, 0x0000000080f00000, 0x0000000080f00000|100%| O|  |TAMS 0x0000000080f00000, 0x0000000080e00000| Untracked 
|  15|0x0000000080f00000, 0x0000000081000000, 0x0000000081000000|100%| O|  |TAMS 0x0000000081000000, 0x0000000080f00000| Untracked 
|  16|0x0000000081000000, 0x0000000081100000, 0x0000000081100000|100%| O|  |TAMS 0x0000000081100000, 0x0000000081000000| Updating 
|  17|0x0000000081100000, 0x0000000081200000, 0x0000000081200000|100%| O|  |TAMS 0x0000000081200000, 0x0000000081100000| Untracked 
|  18|0x0000000081200000, 0x0000000081300000, 0x0000000081300000|100%| O|  |TAMS 0x0000000081300000, 0x0000000081200000| Untracked 
|  19|0x0000000081300000, 0x0000000081400000, 0x0000000081400000|100%|HS|  |TAMS 0x0000000081400000, 0x0000000081300000| Complete 
|  20|0x0000000081400000, 0x0000000081500000, 0x0000000081500000|100%|HC|  |TAMS 0x0000000081500000, 0x0000000081400000| Complete 
|  21|0x0000000081500000, 0x0000000081600000, 0x0000000081600000|100%|HS|  |TAMS 0x0000000081600000, 0x0000000081500000| Complete 
|  22|0x0000000081600000, 0x0000000081700000, 0x0000000081700000|100%|HC|  |TAMS 0x0000000081700000, 0x0000000081600000| Complete 
|  23|0x0000000081700000, 0x0000000081800000, 0x0000000081800000|100%|HC|  |TAMS 0x0000000081800000, 0x0000000081700000| Complete 
|  24|0x0000000081800000, 0x0000000081900000, 0x0000000081900000|100%| O|  |TAMS 0x0000000081900000, 0x0000000081800000| Untracked 
|  25|0x0000000081900000, 0x0000000081a00000, 0x0000000081a00000|100%| O|  |TAMS 0x0000000081a00000, 0x0000000081900000| Untracked 
|  26|0x0000000081a00000, 0x0000000081b00000, 0x0000000081b00000|100%|HS|  |TAMS 0x0000000081b00000, 0x0000000081a00000| Complete 
|  27|0x0000000081b00000, 0x0000000081c00000, 0x0000000081c00000|100%|HC|  |TAMS 0x0000000081c00000, 0x0000000081b00000| Complete 
|  28|0x0000000081c00000, 0x0000000081d00000, 0x0000000081d00000|100%| O|  |TAMS 0x0000000081d00000, 0x0000000081c00000| Updating 
|  29|0x0000000081d00000, 0x0000000081e00000, 0x0000000081e00000|100%| O|  |TAMS 0x0000000081e00000, 0x0000000081d00000| Updating 
|  30|0x0000000081e00000, 0x0000000081f00000, 0x0000000081f00000|100%|HS|  |TAMS 0x0000000081f00000, 0x0000000081e00000| Complete 
|  31|0x0000000081f00000, 0x0000000082000000, 0x0000000082000000|100%|HC|  |TAMS 0x0000000082000000, 0x0000000081f00000| Complete 
|  32|0x0000000082000000, 0x0000000082100000, 0x0000000082100000|100%|HC|  |TAMS 0x0000000082100000, 0x0000000082000000| Complete 
|  33|0x0000000082100000, 0x0000000082200000, 0x0000000082200000|100%|HC|  |TAMS 0x0000000082200000, 0x0000000082100000| Complete 
|  34|0x0000000082200000, 0x0000000082300000, 0x0000000082300000|100%|HC|  |TAMS 0x0000000082300000, 0x0000000082200000| Complete 
|  35|0x0000000082300000, 0x0000000082400000, 0x0000000082400000|100%|HC|  |TAMS 0x0000000082400000, 0x0000000082300000| Complete 
|  36|0x0000000082400000, 0x0000000082500000, 0x0000000082500000|100%|HC|  |TAMS 0x0000000082500000, 0x0000000082400000| Complete 
|  37|0x0000000082500000, 0x0000000082600000, 0x0000000082600000|100%|HC|  |TAMS 0x0000000082600000, 0x0000000082500000| Complete 
|  38|0x0000000082600000, 0x0000000082700000, 0x0000000082700000|100%|HC|  |TAMS 0x0000000082700000, 0x0000000082600000| Complete 
|  39|0x0000000082700000, 0x0000000082800000, 0x0000000082800000|100%|HC|  |TAMS 0x0000000082800000, 0x0000000082700000| Complete 
|  40|0x0000000082800000, 0x0000000082900000, 0x0000000082900000|100%|HC|  |TAMS 0x0000000082900000, 0x0000000082800000| Complete 
|  41|0x0000000082900000, 0x0000000082a00000, 0x0000000082a00000|100%|HC|  |TAMS 0x0000000082a00000, 0x0000000082900000| Complete 
|  42|0x0000000082a00000, 0x0000000082b00000, 0x0000000082b00000|100%| O|  |TAMS 0x0000000082b00000, 0x0000000082a00000| Untracked 
|  43|0x0000000082b00000, 0x0000000082c00000, 0x0000000082c00000|100%| O|  |TAMS 0x0000000082c00000, 0x0000000082b00000| Untracked 
|  44|0x0000000082c00000, 0x0000000082d00000, 0x0000000082d00000|100%|HS|  |TAMS 0x0000000082d00000, 0x0000000082c00000| Complete 
|  45|0x0000000082d00000, 0x0000000082e00000, 0x0000000082e00000|100%|HC|  |TAMS 0x0000000082e00000, 0x0000000082d00000| Complete 
|  46|0x0000000082e00000, 0x0000000082f00000, 0x0000000082f00000|100%| O|  |TAMS 0x0000000082e25e00, 0x0000000082e00000| Untracked 
|  47|0x0000000082f00000, 0x0000000082f75c00, 0x0000000083000000| 45%| O|  |TAMS 0x0000000082f00000, 0x0000000082f00000| Updating 
|  48|0x0000000083000000, 0x0000000083000000, 0x0000000083100000|  0%| F|  |TAMS 0x0000000083000000, 0x0000000083000000| Untracked 
|  49|0x0000000083100000, 0x0000000083100000, 0x0000000083200000|  0%| F|  |TAMS 0x0000000083100000, 0x0000000083100000| Untracked 
|  50|0x0000000083200000, 0x0000000083200000, 0x0000000083300000|  0%| F|  |TAMS 0x0000000083200000, 0x0000000083200000| Untracked 
|  51|0x0000000083300000, 0x0000000083300000, 0x0000000083400000|  0%| F|  |TAMS 0x0000000083300000, 0x0000000083300000| Untracked 
|  52|0x0000000083400000, 0x0000000083400000, 0x0000000083500000|  0%| F|  |TAMS 0x0000000083400000, 0x0000000083400000| Untracked 
|  53|0x0000000083500000, 0x0000000083500000, 0x0000000083600000|  0%| F|  |TAMS 0x0000000083500000, 0x0000000083500000| Untracked 
|  54|0x0000000083600000, 0x0000000083600000, 0x0000000083700000|  0%| F|  |TAMS 0x0000000083600000, 0x0000000083600000| Untracked 
|  55|0x0000000083700000, 0x0000000083700000, 0x0000000083800000|  0%| F|  |TAMS 0x0000000083700000, 0x0000000083700000| Untracked 
|  56|0x0000000083800000, 0x0000000083800000, 0x0000000083900000|  0%| F|  |TAMS 0x0000000083800000, 0x0000000083800000| Untracked 
|  57|0x0000000083900000, 0x0000000083900000, 0x0000000083a00000|  0%| F|  |TAMS 0x0000000083900000, 0x0000000083900000| Untracked 
|  58|0x0000000083a00000, 0x0000000083a00000, 0x0000000083b00000|  0%| F|  |TAMS 0x0000000083a00000, 0x0000000083a00000| Untracked 
|  59|0x0000000083b00000, 0x0000000083b00000, 0x0000000083c00000|  0%| F|  |TAMS 0x0000000083b00000, 0x0000000083b00000| Untracked 
|  60|0x0000000083c00000, 0x0000000083c00000, 0x0000000083d00000|  0%| F|  |TAMS 0x0000000083c00000, 0x0000000083c00000| Untracked 
|  61|0x0000000083d00000, 0x0000000083d00000, 0x0000000083e00000|  0%| F|  |TAMS 0x0000000083d00000, 0x0000000083d00000| Untracked 
|  62|0x0000000083e00000, 0x0000000083e00000, 0x0000000083f00000|  0%| F|  |TAMS 0x0000000083e00000, 0x0000000083e00000| Untracked 
|  63|0x0000000083f00000, 0x0000000083f00000, 0x0000000084000000|  0%| F|  |TAMS 0x0000000083f00000, 0x0000000083f00000| Untracked 
|  64|0x0000000084000000, 0x0000000084000000, 0x0000000084100000|  0%| F|  |TAMS 0x0000000084000000, 0x0000000084000000| Untracked 
|  65|0x0000000084100000, 0x00000000841ba6b8, 0x0000000084200000| 72%| S|CS|TAMS 0x0000000084100000, 0x0000000084100000| Complete 
|  66|0x0000000084200000, 0x0000000084200000, 0x0000000084300000|  0%| F|  |TAMS 0x0000000084200000, 0x0000000084200000| Untracked 
|  67|0x0000000084300000, 0x0000000084300000, 0x0000000084400000|  0%| F|  |TAMS 0x0000000084300000, 0x0000000084300000| Untracked 
|  68|0x0000000084400000, 0x0000000084400000, 0x0000000084500000|  0%| F|  |TAMS 0x0000000084400000, 0x0000000084400000| Untracked 
|  69|0x0000000084500000, 0x0000000084500000, 0x0000000084600000|  0%| F|  |TAMS 0x0000000084500000, 0x0000000084500000| Untracked 
|  70|0x0000000084600000, 0x0000000084600000, 0x0000000084700000|  0%| F|  |TAMS 0x0000000084600000, 0x0000000084600000| Untracked 
|  71|0x0000000084700000, 0x0000000084700000, 0x0000000084800000|  0%| F|  |TAMS 0x0000000084700000, 0x0000000084700000| Untracked 
|  72|0x0000000084800000, 0x0000000084800000, 0x0000000084900000|  0%| F|  |TAMS 0x0000000084800000, 0x0000000084800000| Untracked 
|  73|0x0000000084900000, 0x0000000084900000, 0x0000000084a00000|  0%| F|  |TAMS 0x0000000084900000, 0x0000000084900000| Untracked 
|  74|0x0000000084a00000, 0x0000000084a00000, 0x0000000084b00000|  0%| F|  |TAMS 0x0000000084a00000, 0x0000000084a00000| Untracked 
|  75|0x0000000084b00000, 0x0000000084b00000, 0x0000000084c00000|  0%| F|  |TAMS 0x0000000084b00000, 0x0000000084b00000| Untracked 
|  76|0x0000000084c00000, 0x0000000084c00000, 0x0000000084d00000|  0%| F|  |TAMS 0x0000000084c00000, 0x0000000084c00000| Untracked 
|  77|0x0000000084d00000, 0x0000000084d00000, 0x0000000084e00000|  0%| F|  |TAMS 0x0000000084d00000, 0x0000000084d00000| Untracked 
|  78|0x0000000084e00000, 0x0000000084e00000, 0x0000000084f00000|  0%| F|  |TAMS 0x0000000084e00000, 0x0000000084e00000| Untracked 
|  79|0x0000000084f00000, 0x0000000084fd6a58, 0x0000000085000000| 83%| E|  |TAMS 0x0000000084f00000, 0x0000000084f00000| Complete 

Card table byte_map: [0x00000190fdd30000,0x00000190fe130000] _byte_map_base: 0x00000190fd930000

Marking Bits (Prev, Next): (CMBitMap*) 0x00000190eb4b20f0, (CMBitMap*) 0x00000190eb4b20b0
 Prev Bits: [0x0000019082000000, 0x0000019084000000)
 Next Bits: [0x0000019080000000, 0x0000019082000000)

Polling page: 0x00000190eac20000

Metaspace:

Usage:
  Non-class:     28.12 MB used.
      Class:      4.51 MB used.
       Both:     32.63 MB used.

Virtual space:
  Non-class space:       64.00 MB reserved,      28.31 MB ( 44%) committed,  1 nodes.
      Class space:        1.00 GB reserved,       4.69 MB ( <1%) committed,  1 nodes.
             Both:        1.06 GB reserved,      33.00 MB (  3%) committed. 

Chunk freelists:
   Non-Class:  3.73 MB
       Class:  11.23 MB
        Both:  14.97 MB

MaxMetaspaceSize: unlimited
CompressedClassSpaceSize: 1.00 GB
Initial GC threshold: 21.00 MB
Current GC threshold: 48.56 MB
CDS: off
MetaspaceReclaimPolicy: balanced
 - commit_granule_bytes: 65536.
 - commit_granule_words: 8192.
 - virtual_space_node_default_size: 8388608.
 - enlarge_chunks_in_place: 1.
 - new_chunks_are_fully_committed: 0.
 - uncommit_free_chunks: 1.
 - use_allocation_guard: 0.
 - handle_deallocations: 1.


Internal statistics:

num_allocs_failed_limit: 3.
num_arena_births: 354.
num_arena_deaths: 0.
num_vsnodes_births: 2.
num_vsnodes_deaths: 0.
num_space_committed: 528.
num_space_uncommitted: 0.
num_chunks_returned_to_freelist: 3.
num_chunks_taken_from_freelist: 1333.
num_chunk_merges: 3.
num_chunk_splits: 831.
num_chunks_enlarged: 562.
num_inconsistent_stats: 0.

CodeHeap 'non-profiled nmethods': size=120000Kb used=1774Kb max_used=1774Kb free=118225Kb
 bounds [0x00000190f6400000, 0x00000190f6670000, 0x00000190fd930000]
CodeHeap 'profiled nmethods': size=120000Kb used=6624Kb max_used=6624Kb free=113375Kb
 bounds [0x00000190ee930000, 0x00000190eefb0000, 0x00000190f5e60000]
CodeHeap 'non-nmethods': size=5760Kb used=1230Kb max_used=1273Kb free=4529Kb
 bounds [0x00000190f5e60000, 0x00000190f60d0000, 0x00000190f6400000]
 total_blobs=3784 nmethods=3244 adapters=452
 compilation: enabled
              stopped_count=0, restarted_count=0
 full_count=0

Compilation events (20 events):
Event: 169.499 Thread 0x00000190feca4a10 nmethod 3242 0x00000190eefa1090 code [0x00000190eefa1240, 0x00000190eefa14d8]
Event: 169.500 Thread 0x00000190feca4a10 3243       3       jdk.internal.misc.VM::isSupportedClassFileVersion (39 bytes)
Event: 169.500 Thread 0x00000190fec9ef50 nmethod 3241 0x00000190f65b9790 code [0x00000190f65b9920, 0x00000190f65b9a68]
Event: 169.501 Thread 0x00000190feca4a10 nmethod 3243 0x00000190eefa1610 code [0x00000190eefa17c0, 0x00000190eefa1a58]
Event: 169.501 Thread 0x00000190feca4a10 3244       3       jdk.internal.org.objectweb.asm.ClassReader::readConst (276 bytes)
Event: 169.524 Thread 0x00000190feca4a10 nmethod 3244 0x00000190eefa1b10 code [0x00000190eefa1fa0, 0x00000190eefa3cf8]
Event: 169.524 Thread 0x00000190feca4a10 3246       3       jdk.internal.misc.InnocuousThread::eraseThreadLocals (23 bytes)
Event: 169.524 Thread 0x00000190feca4a10 nmethod 3246 0x00000190eefa4710 code [0x00000190eefa48a0, 0x00000190eefa4a98]
Event: 169.524 Thread 0x00000190feca4a10 3245       3       jdk.internal.org.objectweb.asm.Type::getClassName (172 bytes)
Event: 169.526 Thread 0x00000190feca4a10 nmethod 3245 0x00000190eefa4b10 code [0x00000190eefa4ea0, 0x00000190eefa6328]
Event: 169.526 Thread 0x00000190feca4a10 3247       3       java.lang.Class::getDeclaredMethods (27 bytes)
Event: 169.526 Thread 0x00000190feca4a10 nmethod 3247 0x00000190eefa6a10 code [0x00000190eefa6c00, 0x00000190eefa6f18]
Event: 169.529 Thread 0x00000190feca4a10 3248       3       org.gradle.internal.instantiation.generator.AbstractClassGenerator$ClassMetadata::getProperty (14 bytes)
Event: 169.529 Thread 0x00000190feca4a10 nmethod 3248 0x00000190eefa7090 code [0x00000190eefa7240, 0x00000190eefa74e8]
Event: 169.530 Thread 0x00000190feca4a10 3249       3       java.util.regex.Pattern$LastNode::match (45 bytes)
Event: 169.530 Thread 0x00000190feca4a10 nmethod 3249 0x00000190eefa7610 code [0x00000190eefa77c0, 0x00000190eefa79d8]
Event: 169.535 Thread 0x00000190feca4a10 3250       3       org.gradle.model.internal.asm.MethodVisitorScope::_IRETURN_OF (12 bytes)
Event: 169.535 Thread 0x00000190feca4a10 nmethod 3250 0x00000190eefa7b10 code [0x00000190eefa7cc0, 0x00000190eefa7f78]
Event: 169.536 Thread 0x00000190fec9ef50 3251       4       org.objectweb.asm.SymbolTable::addConstantUtf8 (98 bytes)
Event: 169.613 Thread 0x00000190fec9ef50 nmethod 3251 0x00000190f65b9b90 code [0x00000190f65b9da0, 0x00000190f65bafd0]

GC Heap History (20 events):
Event: 11.277 GC heap before
{Heap before GC invocations=2 (full 0):
 garbage-first heap   total 57344K, used 28054K [0x0000000080000000, 0x0000000100000000)
  region size 1024K, 20 young (20480K), 3 survivors (3072K)
 Metaspace       used 11182K, committed 11392K, reserved 1114112K
  class space    used 1165K, committed 1280K, reserved 1048576K
}
Event: 11.282 GC heap after
{Heap after GC invocations=3 (full 0):
 garbage-first heap   total 57344K, used 11091K [0x0000000080000000, 0x0000000100000000)
  region size 1024K, 1 young (1024K), 1 survivors (1024K)
 Metaspace       used 11182K, committed 11392K, reserved 1114112K
  class space    used 1165K, committed 1280K, reserved 1048576K
}
Event: 18.377 GC heap before
{Heap before GC invocations=3 (full 0):
 garbage-first heap   total 57344K, used 37715K [0x0000000080000000, 0x0000000100000000)
  region size 1024K, 27 young (27648K), 1 survivors (1024K)
 Metaspace       used 17148K, committed 17344K, reserved 1114112K
  class space    used 1966K, committed 2048K, reserved 1048576K
}
Event: 18.387 GC heap after
{Heap after GC invocations=4 (full 0):
 garbage-first heap   total 57344K, used 17256K [0x0000000080000000, 0x0000000100000000)
  region size 1024K, 4 young (4096K), 4 survivors (4096K)
 Metaspace       used 17148K, committed 17344K, reserved 1114112K
  class space    used 1966K, committed 2048K, reserved 1048576K
}
Event: 20.759 GC heap before
{Heap before GC invocations=4 (full 0):
 garbage-first heap   total 57344K, used 30568K [0x0000000080000000, 0x0000000100000000)
  region size 1024K, 19 young (19456K), 4 survivors (4096K)
 Metaspace       used 21279K, committed 21504K, reserved 1114112K
  class space    used 2563K, committed 2688K, reserved 1048576K
}
Event: 20.768 GC heap after
{Heap after GC invocations=5 (full 0):
 garbage-first heap   total 57344K, used 18649K [0x0000000080000000, 0x0000000100000000)
  region size 1024K, 2 young (2048K), 2 survivors (2048K)
 Metaspace       used 21279K, committed 21504K, reserved 1114112K
  class space    used 2563K, committed 2688K, reserved 1048576K
}
Event: 22.386 GC heap before
{Heap before GC invocations=6 (full 0):
 garbage-first heap   total 57344K, used 38105K [0x0000000080000000, 0x0000000100000000)
  region size 1024K, 21 young (21504K), 2 survivors (2048K)
 Metaspace       used 24686K, committed 24960K, reserved 1114112K
  class space    used 3144K, committed 3264K, reserved 1048576K
}
Event: 22.390 GC heap after
{Heap after GC invocations=7 (full 0):
 garbage-first heap   total 57344K, used 19761K [0x0000000080000000, 0x0000000100000000)
  region size 1024K, 3 young (3072K), 3 survivors (3072K)
 Metaspace       used 24686K, committed 24960K, reserved 1114112K
  class space    used 3144K, committed 3264K, reserved 1048576K
}
Event: 23.803 GC heap before
{Heap before GC invocations=7 (full 0):
 garbage-first heap   total 57344K, used 40241K [0x0000000080000000, 0x0000000100000000)
  region size 1024K, 23 young (23552K), 3 survivors (3072K)
 Metaspace       used 27605K, committed 27904K, reserved 1114112K
  class space    used 3654K, committed 3776K, reserved 1048576K
}
Event: 23.809 GC heap after
{Heap after GC invocations=8 (full 0):
 garbage-first heap   total 57344K, used 21276K [0x0000000080000000, 0x0000000100000000)
  region size 1024K, 3 young (3072K), 3 survivors (3072K)
 Metaspace       used 27605K, committed 27904K, reserved 1114112K
  class space    used 3654K, committed 3776K, reserved 1048576K
}
Event: 157.648 GC heap before
{Heap before GC invocations=8 (full 0):
 garbage-first heap   total 57344K, used 38684K [0x0000000080000000, 0x0000000100000000)
  region size 1024K, 16 young (16384K), 3 survivors (3072K)
 Metaspace       used 29420K, committed 29824K, reserved 1114112K
  class space    used 3967K, committed 4160K, reserved 1048576K
}
Event: 157.719 GC heap after
{Heap after GC invocations=9 (full 0):
 garbage-first heap   total 57344K, used 28095K [0x0000000080000000, 0x0000000100000000)
  region size 1024K, 2 young (2048K), 2 survivors (2048K)
 Metaspace       used 29420K, committed 29824K, reserved 1114112K
  class space    used 3967K, committed 4160K, reserved 1048576K
}
Event: 160.330 GC heap before
{Heap before GC invocations=10 (full 0):
 garbage-first heap   total 57344K, used 32191K [0x0000000080000000, 0x0000000100000000)
  region size 1024K, 5 young (5120K), 2 survivors (2048K)
 Metaspace       used 29603K, committed 29952K, reserved 1114112K
  class space    used 4002K, committed 4160K, reserved 1048576K
}
Event: 160.355 GC heap after
{Heap after GC invocations=11 (full 0):
 garbage-first heap   total 57344K, used 31847K [0x0000000080000000, 0x0000000100000000)
  region size 1024K, 2 young (2048K), 2 survivors (2048K)
 Metaspace       used 29603K, committed 29952K, reserved 1114112K
  class space    used 4002K, committed 4160K, reserved 1048576K
}
Event: 163.231 GC heap before
{Heap before GC invocations=12 (full 0):
 garbage-first heap   total 76800K, used 44135K [0x0000000080000000, 0x0000000100000000)
  region size 1024K, 3 young (3072K), 2 survivors (2048K)
 Metaspace       used 29603K, committed 29952K, reserved 1114112K
  class space    used 4002K, committed 4160K, reserved 1048576K
}
Event: 163.331 GC heap after
{Heap after GC invocations=13 (full 0):
 garbage-first heap   total 76800K, used 44392K [0x0000000080000000, 0x0000000100000000)
  region size 1024K, 1 young (1024K), 1 survivors (1024K)
 Metaspace       used 29603K, committed 29952K, reserved 1114112K
  class space    used 4002K, committed 4160K, reserved 1048576K
}
Event: 167.458 GC heap before
{Heap before GC invocations=14 (full 0):
 garbage-first heap   total 81920K, used 59752K [0x0000000080000000, 0x0000000100000000)
  region size 1024K, 15 young (15360K), 1 survivors (1024K)
 Metaspace       used 31335K, committed 31680K, reserved 1114112K
  class space    used 4277K, committed 4416K, reserved 1048576K
}
Event: 167.465 GC heap after
{Heap after GC invocations=15 (full 0):
 garbage-first heap   total 81920K, used 49303K [0x0000000080000000, 0x0000000100000000)
  region size 1024K, 2 young (2048K), 2 survivors (2048K)
 Metaspace       used 31335K, committed 31680K, reserved 1114112K
  class space    used 4277K, committed 4416K, reserved 1048576K
}
Event: 169.502 GC heap before
{Heap before GC invocations=15 (full 0):
 garbage-first heap   total 81920K, used 63639K [0x0000000080000000, 0x0000000100000000)
  region size 1024K, 16 young (16384K), 2 survivors (2048K)
 Metaspace       used 33317K, committed 33664K, reserved 1114112K
  class space    used 4599K, committed 4736K, reserved 1048576K
}
Event: 169.520 GC heap after
{Heap after GC invocations=16 (full 0):
 garbage-first heap   total 81920K, used 49344K [0x0000000080000000, 0x0000000100000000)
  region size 1024K, 1 young (1024K), 1 survivors (1024K)
 Metaspace       used 33317K, committed 33664K, reserved 1114112K
  class space    used 4599K, committed 4736K, reserved 1048576K
}

Dll operation events (2 events):
Event: 0.177 Loaded shared library C:\Program Files\Android\Android Studio\jbr\bin\java.dll
Event: 3.438 Loaded shared library C:\Program Files\Android\Android Studio\jbr\bin\verify.dll

Deoptimization events (20 events):
Event: 157.615 Thread 0x000001908ab4c200 DEOPT PACKING pc=0x00000190ee9f523d sp=0x0000008c1c7fafc0
Event: 157.615 Thread 0x000001908ab4c200 DEOPT UNPACKING pc=0x00000190f5eb7143 sp=0x0000008c1c7fa448 mode 0
Event: 159.003 Thread 0x000001908ab4c200 DEOPT PACKING pc=0x00000190eeb86269 sp=0x0000008c1c7f9f00
Event: 159.003 Thread 0x000001908ab4c200 DEOPT UNPACKING pc=0x00000190f5eb7143 sp=0x0000008c1c7f9480 mode 0
Event: 163.377 Thread 0x000001908ab4c200 Uncommon trap: trap_request=0xffffff45 fr.pc=0x00000190f6597094 relative=0x0000000000003234
Event: 163.382 Thread 0x000001908ab4c200 Uncommon trap: reason=unstable_if action=reinterpret pc=0x00000190f6597094 method=java.util.zip.ZipFile$Source.getMetaVersion(II)I @ 53 c2
Event: 163.383 Thread 0x000001908ab4c200 DEOPT PACKING pc=0x00000190f6597094 sp=0x0000008c1c7f8f50
Event: 163.385 Thread 0x000001908ab4c200 DEOPT UNPACKING pc=0x00000190f5eb69a3 sp=0x0000008c1c7f8eb0 mode 2
Event: 164.786 Thread 0x000001908ab4c200 DEOPT PACKING pc=0x00000190eef06c69 sp=0x0000008c1c7f8ec0
Event: 164.787 Thread 0x000001908ab4c200 DEOPT UNPACKING pc=0x00000190f5eb7143 sp=0x0000008c1c7f8440 mode 0
Event: 164.972 Thread 0x000001908ab4c200 DEOPT PACKING pc=0x00000190ee9e93c3 sp=0x0000008c1c7f8fc0
Event: 164.972 Thread 0x000001908ab4c200 DEOPT UNPACKING pc=0x00000190f5eb7143 sp=0x0000008c1c7f84e0 mode 0
Event: 165.382 Thread 0x000001908ab4c200 DEOPT PACKING pc=0x00000190eee1da4b sp=0x0000008c1c7fa4d0
Event: 165.385 Thread 0x000001908ab4c200 DEOPT UNPACKING pc=0x00000190f5eb7143 sp=0x0000008c1c7f9980 mode 0
Event: 165.446 Thread 0x000001908ab4c200 DEOPT PACKING pc=0x00000190eec577ba sp=0x0000008c1c7fb3c0
Event: 165.446 Thread 0x000001908ab4c200 DEOPT UNPACKING pc=0x00000190f5eb7143 sp=0x0000008c1c7fa838 mode 0
Event: 168.552 Thread 0x000001908ab4c200 Uncommon trap: trap_request=0xffffff45 fr.pc=0x00000190f6451be4 relative=0x00000000000004a4
Event: 168.552 Thread 0x000001908ab4c200 Uncommon trap: reason=unstable_if action=reinterpret pc=0x00000190f6451be4 method=java.util.HashMap.hash(Ljava/lang/Object;)I @ 1 c2
Event: 168.553 Thread 0x000001908ab4c200 DEOPT PACKING pc=0x00000190f6451be4 sp=0x0000008c1c7f7440
Event: 168.555 Thread 0x000001908ab4c200 DEOPT UNPACKING pc=0x00000190f5eb69a3 sp=0x0000008c1c7f72e8 mode 2

Classes unloaded (0 events):
No events

Classes redefined (0 events):
No events

Internal exceptions (20 events):
Event: 165.471 Thread 0x000001908ab4c200 Exception <a 'java/lang/NoSuchMethodError'{0x0000000084d8b2c8}: static Lorg/jetbrains/plugins/gradle/model/ExternalLibraryDependency;.<clinit>()V> (0x0000000084d8b2c8) 
thrown [s\src\hotspot\share\prims\jni.cpp, line 1108]
Event: 165.484 Thread 0x000001908ab4c200 Exception <a 'java/lang/NoSuchMethodError'{0x0000000084d947e0}: static Lorg/jetbrains/plugins/gradle/model/FileCollectionDependency;.<clinit>()V> (0x0000000084d947e0) 
thrown [s\src\hotspot\share\prims\jni.cpp, line 1108]
Event: 165.494 Thread 0x000001908ab4c200 Exception <a 'java/lang/NoSuchMethodError'{0x0000000084d9da98}: static Lorg/jetbrains/plugins/gradle/model/UnresolvedExternalDependency;.<clinit>()V> (0x0000000084d9da98) 
thrown [s\src\hotspot\share\prims\jni.cpp, line 1108]
Event: 165.633 Thread 0x000001908ab4c200 Exception <a 'java/lang/NoSuchMethodError'{0x0000000084c2d958}: static Lorg/gradle/tooling/internal/consumer/versioning/VersionDetails;.<clinit>()V> (0x0000000084c2d958) 
thrown [s\src\hotspot\share\prims\jni.cpp, line 1108]
Event: 165.635 Thread 0x000001908ab4c200 Exception <a 'java/lang/NoSuchMethodError'{0x0000000084c30370}: static Lorg/gradle/tooling/internal/consumer/versioning/VersionDetails$R26VersionDetails;.<clinit>()V> (0x0000000084c30370) 
thrown [s\src\hotspot\share\prims\jni.cpp, line 1108]
Event: 165.637 Thread 0x000001908ab4c200 Exception <a 'java/lang/NoSuchMethodError'{0x0000000084c318e8}: static Lorg/gradle/tooling/internal/consumer/versioning/VersionDetails$R28VersionDetails;.<clinit>()V> (0x0000000084c318e8) 
thrown [s\src\hotspot\share\prims\jni.cpp, line 1108]
Event: 165.638 Thread 0x000001908ab4c200 Exception <a 'java/lang/NoSuchMethodError'{0x0000000084c32df0}: static Lorg/gradle/tooling/internal/consumer/versioning/VersionDetails$R35VersionDetails;.<clinit>()V> (0x0000000084c32df0) 
thrown [s\src\hotspot\share\prims\jni.cpp, line 1108]
Event: 165.638 Thread 0x000001908ab4c200 Exception <a 'java/lang/NoSuchMethodError'{0x0000000084c344c0}: static Lorg/gradle/tooling/internal/consumer/versioning/VersionDetails$R44VersionDetails;.<clinit>()V> (0x0000000084c344c0) 
thrown [s\src\hotspot\share\prims\jni.cpp, line 1108]
Event: 165.642 Thread 0x000001908ab4c200 Exception <a 'java/lang/NoSuchMethodError'{0x0000000084c35ac8}: static Lorg/gradle/tooling/internal/consumer/versioning/VersionDetails$R48VersionDetails;.<clinit>()V> (0x0000000084c35ac8) 
thrown [s\src\hotspot\share\prims\jni.cpp, line 1108]
Event: 165.642 Thread 0x000001908ab4c200 Exception <a 'java/lang/NoSuchMethodError'{0x0000000084c36cc8}: static Lorg/gradle/tooling/internal/consumer/versioning/VersionDetails$R51VersionDetails;.<clinit>()V> (0x0000000084c36cc8) 
thrown [s\src\hotspot\share\prims\jni.cpp, line 1108]
Event: 166.480 Thread 0x000001908ab4c200 Exception <a 'java/lang/NoSuchMethodError'{0x0000000084b2a568}: 'java.lang.Object java.lang.invoke.DirectMethodHandle$Holder.newInvokeSpecial(java.lang.Object, java.lang.Object, int)'> (0x0000000084b2a568) 
thrown [s\src\hotspot\share\interpreter\linkResolver.cpp, line 771]
Event: 167.595 Thread 0x000001908ab4c200 Exception <a 'java/lang/NoSuchMethodError'{0x0000000084e37d28}: 'java.lang.Object java.lang.invoke.DirectMethodHandle$Holder.invokeSpecialIFC(java.lang.Object, java.lang.Object, java.lang.Object, java.lang.Object)'> (0x0000000084e37d28) 
thrown [s\src\hotspot\share\interpreter\linkResolver.cpp, line 771]
Event: 168.552 Thread 0x000001908ab4c200 Implicit null exception at 0x00000190f645178e to 0x00000190f6451bc8
Event: 169.116 Thread 0x000001908ab4c200 Exception <a 'java/lang/NoSuchMethodError'{0x00000000847b58b8}: 'java.lang.Object java.lang.invoke.DirectMethodHandle$Holder.invokeSpecial(java.lang.Object, java.lang.Object, java.lang.Object, java.lang.Object, java.lang.Object, java.lang.Object, java.lang.Object, java.lang.Object, java.lang.Object, java.lang.Object, java.lang.Object, java.lang.Object, java.lang.Object)'> (0x00000000847b58b8) 
thrown [s\src\hotspot\share\interpreter\linkResolver.cpp, line 771]
Event: 169.119 Thread 0x000001908ab4c200 Exception <a 'java/lang/NoSuchMethodError'{0x00000000847c6ee0}: 'java.lang.Object java.lang.invoke.DirectMethodHandle$Holder.newInvokeSpecial(java.lang.Object, java.lang.Object, java.lang.Object, java.lang.Object, java.lang.Object, java.lang.Object, java.lang.Object, java.lang.Object, java.lang.Object, java.lang.Object, java.lang.Object)'> (0x00000000847c6ee0) 
thrown [s\src\hotspot\share\interpreter\linkResolver.cpp, line 771]
Event: 169.124 Thread 0x000001908ab4c200 Exception <a 'java/lang/NoSuchMethodError'{0x00000000847cc1f0}: 'java.lang.Object java.lang.invoke.Invokers$Holder.linkToTargetMethod(java.lang.Object, java.lang.Object, java.lang.Object, java.lang.Object, java.lang.Object, java.lang.Object, java.lang.Object, java.lang.Object, java.lang.Object, java.lang.Object, java.lang.Object)'> (0x00000000847cc1f0) 
thrown [s\src\hotspot\share\interpreter\linkResolver.cpp, line 771]
Event: 169.161 Thread 0x000001908ab4c200 Exception <a 'java/lang/NoSuchMethodError'{0x0000000084614488}: 'java.lang.Object java.lang.invoke.DirectMethodHandle$Holder.invokeSpecial(java.lang.Object, java.lang.Object, java.lang.Object, java.lang.Object, java.lang.Object, java.lang.Object, java.lang.Object, java.lang.Object, java.lang.Object, java.lang.Object, java.lang.Object, java.lang.Object, java.lang.Object, java.lang.Object)'> (0x0000000084614488) 
thrown [s\src\hotspot\share\interpreter\linkResolver.cpp, line 771]
Event: 169.164 Thread 0x000001908ab4c200 Exception <a 'java/lang/NoSuchMethodError'{0x0000000084626ab0}: 'java.lang.Object java.lang.invoke.DirectMethodHandle$Holder.newInvokeSpecial(java.lang.Object, java.lang.Object, java.lang.Object, java.lang.Object, java.lang.Object, java.lang.Object, java.lang.Object, java.lang.Object, java.lang.Object, java.lang.Object, java.lang.Object, java.lang.Object)'> (0x0000000084626ab0) 
thrown [s\src\hotspot\share\interpreter\linkResolver.cpp, line 771]
Event: 169.167 Thread 0x000001908ab4c200 Exception <a 'java/lang/NoSuchMethodError'{0x000000008462c448}: 'java.lang.Object java.lang.invoke.Invokers$Holder.linkToTargetMethod(java.lang.Object, java.lang.Object, java.lang.Object, java.lang.Object, java.lang.Object, java.lang.Object, java.lang.Object, java.lang.Object, java.lang.Object, java.lang.Object, java.lang.Object, java.lang.Object)'> (0x000000008462c448) 
thrown [s\src\hotspot\share\interpreter\linkResolver.cpp, line 771]
Event: 169.222 Thread 0x000001908ab4c200 Exception <a 'java/lang/NoSuchMethodError'{0x00000000846d3a58}: 'java.lang.Object java.lang.invoke.DirectMethodHandle$Holder.invokeStaticInit(java.lang.Object, java.lang.Object, java.lang.Object, java.lang.Object)'> (0x00000000846d3a58) 
thrown [s\src\hotspot\share\interpreter\linkResolver.cpp, line 771]

VM Operations (20 events):
Event: 163.550 Executing VM operation: G1Concurrent done
Event: 163.570 Executing VM operation: G1Concurrent
Event: 163.570 Executing VM operation: G1Concurrent done
Event: 164.570 Executing VM operation: Cleanup
Event: 164.570 Executing VM operation: Cleanup done
Event: 165.583 Executing VM operation: Cleanup
Event: 165.599 Executing VM operation: Cleanup done
Event: 166.413 Executing VM operation: HandshakeAllThreads
Event: 166.418 Executing VM operation: HandshakeAllThreads done
Event: 167.420 Executing VM operation: Cleanup
Event: 167.420 Executing VM operation: Cleanup done
Event: 167.458 Executing VM operation: G1CollectForAllocation
Event: 167.465 Executing VM operation: G1CollectForAllocation done
Event: 168.466 Executing VM operation: Cleanup
Event: 168.484 Executing VM operation: Cleanup done
Event: 168.613 Executing VM operation: HandshakeAllThreads
Event: 168.613 Executing VM operation: HandshakeAllThreads done
Event: 169.501 Executing VM operation: G1CollectForAllocation
Event: 169.521 Executing VM operation: G1CollectForAllocation done
Event: 169.615 Executing VM operation: G1Concurrent

Events (20 events):
Event: 166.239 loading class java/util/concurrent/locks/ReentrantReadWriteLock$WriteLock done
Event: 166.406 loading class java/util/concurrent/Executors$FinalizableDelegatedExecutorService
Event: 166.410 loading class java/util/concurrent/Executors$DelegatedExecutorService
Event: 166.412 loading class java/util/concurrent/Executors$DelegatedExecutorService done
Event: 166.412 loading class java/util/concurrent/Executors$FinalizableDelegatedExecutorService done
Event: 167.544 Thread 0x000001908b421b70 Thread added: 0x000001908b421b70
Event: 167.659 Thread 0x00000190ff0e09b0 Thread added: 0x00000190ff0e09b0
Event: 167.762 Thread 0x00000190ff0dd990 Thread added: 0x00000190ff0dd990
Event: 168.624 loading class java/lang/Class$EnclosingMethodInfo
Event: 168.655 loading class java/lang/Class$EnclosingMethodInfo done
Event: 168.710 loading class sun/reflect/generics/tree/IntSignature
Event: 168.712 loading class sun/reflect/generics/tree/IntSignature done
Event: 168.712 loading class sun/reflect/generics/tree/ArrayTypeSignature
Event: 168.714 loading class sun/reflect/generics/tree/ArrayTypeSignature done
Event: 168.785 loading class java/lang/SafeVarargs
Event: 168.787 loading class java/lang/SafeVarargs done
Event: 168.851 loading class java/util/regex/Pattern$GroupCurly
Event: 168.852 loading class java/util/regex/Pattern$GroupCurly done
Event: 169.196 Thread 0x00000190ff0db7e0 Thread added: 0x00000190ff0db7e0
Event: 169.271 Thread 0x00000190ff0e0010 Thread added: 0x00000190ff0e0010


Dynamic libraries:
0x00007ff7d8950000 - 0x00007ff7d895a000 	C:\Program Files\Android\Android Studio\jbr\bin\java.exe
0x00007ffc1d990000 - 0x00007ffc1dba7000 	C:\WINDOWS\SYSTEM32\ntdll.dll
0x00007ffc1bf30000 - 0x00007ffc1bff4000 	C:\WINDOWS\System32\KERNEL32.DLL
0x00007ffc1b0a0000 - 0x00007ffc1b446000 	C:\WINDOWS\System32\KERNELBASE.dll
0x00007ffc1b450000 - 0x00007ffc1b561000 	C:\WINDOWS\System32\ucrtbase.dll
0x00007ffc08f60000 - 0x00007ffc08f77000 	C:\Program Files\Android\Android Studio\jbr\bin\jli.dll
0x00007ffc1b980000 - 0x00007ffc1bb2e000 	C:\WINDOWS\System32\USER32.dll
0x00007ffc1b6b0000 - 0x00007ffc1b6d6000 	C:\WINDOWS\System32\win32u.dll
0x00007ffc09cc0000 - 0x00007ffc09f53000 	C:\WINDOWS\WinSxS\amd64_microsoft.windows.common-controls_6595b64144ccf1df_6.0.22621.2506_none_270c5ae97388e100\COMCTL32.dll
0x00007ffc1c8b0000 - 0x00007ffc1c957000 	C:\WINDOWS\System32\msvcrt.dll
0x00007ffc1d2c0000 - 0x00007ffc1d2e9000 	C:\WINDOWS\System32\GDI32.dll
0x00007ffc1aee0000 - 0x00007ffc1aff8000 	C:\WINDOWS\System32\gdi32full.dll
0x00007ffc1b000000 - 0x00007ffc1b09a000 	C:\WINDOWS\System32\msvcp_win.dll
0x00007ffc17d80000 - 0x00007ffc17d9b000 	C:\Program Files\Android\Android Studio\jbr\bin\VCRUNTIME140.dll
0x00007ffc1c960000 - 0x00007ffc1c991000 	C:\WINDOWS\System32\IMM32.DLL
0x00007ffc13640000 - 0x00007ffc1364c000 	C:\Program Files\Android\Android Studio\jbr\bin\vcruntime140_1.dll
0x00007ffc12db0000 - 0x00007ffc12e3d000 	C:\Program Files\Android\Android Studio\jbr\bin\msvcp140.dll
0x00007ffbd4490000 - 0x00007ffbd5110000 	C:\Program Files\Android\Android Studio\jbr\bin\server\jvm.dll
0x00007ffc1d2f0000 - 0x00007ffc1d3a1000 	C:\WINDOWS\System32\ADVAPI32.dll
0x00007ffc1c9b0000 - 0x00007ffc1ca55000 	C:\WINDOWS\System32\sechost.dll
0x00007ffc1c6f0000 - 0x00007ffc1c807000 	C:\WINDOWS\System32\RPCRT4.dll
0x00007ffc13850000 - 0x00007ffc13859000 	C:\WINDOWS\SYSTEM32\WSOCK32.dll
0x00007ffc1c620000 - 0x00007ffc1c691000 	C:\WINDOWS\System32\WS2_32.dll
0x00007ffc12ca0000 - 0x00007ffc12cd4000 	C:\WINDOWS\SYSTEM32\WINMM.dll
0x00007ffc128c0000 - 0x00007ffc128ca000 	C:\WINDOWS\SYSTEM32\VERSION.dll
0x00007ffc19d00000 - 0x00007ffc19d18000 	C:\WINDOWS\SYSTEM32\kernel.appcore.dll
0x00007ffc13840000 - 0x00007ffc1384a000 	C:\Program Files\Android\Android Studio\jbr\bin\jimage.dll
0x00007ffc186f0000 - 0x00007ffc18923000 	C:\WINDOWS\SYSTEM32\DBGHELP.DLL
0x00007ffc1bb30000 - 0x00007ffc1beb9000 	C:\WINDOWS\System32\combase.dll
0x00007ffc1d3b0000 - 0x00007ffc1d487000 	C:\WINDOWS\System32\OLEAUT32.dll
0x00007ffbf9db0000 - 0x00007ffbf9de2000 	C:\WINDOWS\SYSTEM32\dbgcore.DLL
0x00007ffc1b570000 - 0x00007ffc1b5ea000 	C:\WINDOWS\System32\bcryptPrimitives.dll
0x00007ffc137b0000 - 0x00007ffc137d5000 	C:\Program Files\Android\Android Studio\jbr\bin\java.dll
0x00007ffc13820000 - 0x00007ffc13838000 	C:\Program Files\Android\Android Studio\jbr\bin\zip.dll
0x00007ffc1ca60000 - 0x00007ffc1d2ba000 	C:\WINDOWS\System32\SHELL32.dll
0x00007ffc18ad0000 - 0x00007ffc193c6000 	C:\WINDOWS\SYSTEM32\windows.storage.dll
0x00007ffc19400000 - 0x00007ffc1953e000 	C:\WINDOWS\SYSTEM32\wintypes.dll
0x00007ffc1d490000 - 0x00007ffc1d583000 	C:\WINDOWS\System32\SHCORE.dll
0x00007ffc1bed0000 - 0x00007ffc1bf2e000 	C:\WINDOWS\System32\shlwapi.dll
0x00007ffc1ac30000 - 0x00007ffc1ac56000 	C:\WINDOWS\SYSTEM32\profapi.dll
0x00007ffc135d0000 - 0x00007ffc135e9000 	C:\Program Files\Android\Android Studio\jbr\bin\net.dll
0x00007ffc10750000 - 0x00007ffc10887000 	C:\WINDOWS\SYSTEM32\WINHTTP.dll
0x00007ffc1a180000 - 0x00007ffc1a1e9000 	C:\WINDOWS\system32\mswsock.dll
0x00007ffc135b0000 - 0x00007ffc135c6000 	C:\Program Files\Android\Android Studio\jbr\bin\nio.dll
0x00007ffc13520000 - 0x00007ffc13530000 	C:\Program Files\Android\Android Studio\jbr\bin\verify.dll
0x00007ffc083d0000 - 0x00007ffc083f7000 	C:\Users\User\.gradle\native\68d5fa5c4cc2d200863cafc0d521ce42e7d3e7ee720ec0a83991735586a16f82\windows-amd64\native-platform.dll
0x00007ffb934f0000 - 0x00007ffb93634000 	C:\Users\User\.gradle\native\e376f236ea51e6404a007f0833ffe2c6e607c4080706a723a18a27aeea778392\windows-amd64\native-platform-file-events.dll
0x00007ffc13510000 - 0x00007ffc13519000 	C:\Program Files\Android\Android Studio\jbr\bin\management.dll
0x00007ffc13440000 - 0x00007ffc1344b000 	C:\Program Files\Android\Android Studio\jbr\bin\management_ext.dll
0x00007ffc1bec0000 - 0x00007ffc1bec8000 	C:\WINDOWS\System32\PSAPI.DLL
0x00007ffc1a3d0000 - 0x00007ffc1a3eb000 	C:\WINDOWS\SYSTEM32\CRYPTSP.dll
0x00007ffc19c60000 - 0x00007ffc19c95000 	C:\WINDOWS\system32\rsaenh.dll
0x00007ffc1a270000 - 0x00007ffc1a29c000 	C:\WINDOWS\SYSTEM32\USERENV.dll
0x00007ffc1a5c0000 - 0x00007ffc1a5e8000 	C:\WINDOWS\SYSTEM32\bcrypt.dll
0x00007ffc1a3f0000 - 0x00007ffc1a3fc000 	C:\WINDOWS\SYSTEM32\CRYPTBASE.dll
0x00007ffc197c0000 - 0x00007ffc197ed000 	C:\WINDOWS\SYSTEM32\IPHLPAPI.DLL
0x00007ffc1c810000 - 0x00007ffc1c819000 	C:\WINDOWS\System32\NSI.dll
0x00007ffc10730000 - 0x00007ffc10749000 	C:\WINDOWS\SYSTEM32\dhcpcsvc6.DLL
0x00007ffc10710000 - 0x00007ffc1072f000 	C:\WINDOWS\SYSTEM32\dhcpcsvc.DLL
0x00007ffc197f0000 - 0x00007ffc198e9000 	C:\WINDOWS\SYSTEM32\DNSAPI.dll
0x00007ffc135a0000 - 0x00007ffc135a8000 	C:\WINDOWS\system32\wshunix.dll

dbghelp: loaded successfully - version: 4.0.5 - missing functions: none
symbol engine: initialized successfully - sym options: 0x614 - pdb path: .;C:\Program Files\Android\Android Studio\jbr\bin;C:\WINDOWS\SYSTEM32;C:\WINDOWS\WinSxS\amd64_microsoft.windows.common-controls_6595b64144ccf1df_6.0.22621.2506_none_270c5ae97388e100;C:\Program Files\Android\Android Studio\jbr\bin\server;C:\Users\User\.gradle\native\68d5fa5c4cc2d200863cafc0d521ce42e7d3e7ee720ec0a83991735586a16f82\windows-amd64;C:\Users\User\.gradle\native\e376f236ea51e6404a007f0833ffe2c6e607c4080706a723a18a27aeea778392\windows-amd64

VM Arguments:
jvm_args: --add-opens=java.base/java.util=ALL-UNNAMED --add-opens=java.base/java.lang=ALL-UNNAMED --add-opens=java.base/java.lang.invoke=ALL-UNNAMED --add-opens=java.prefs/java.util.prefs=ALL-UNNAMED --add-opens=java.base/java.nio.charset=ALL-UNNAMED --add-opens=java.base/java.net=ALL-UNNAMED --add-opens=java.base/java.util.concurrent.atomic=ALL-UNNAMED -Xmx2048m -Dfile.encoding=UTF-8 -Duser.country=MY -Duser.language=en -Duser.variant 
java_command: org.gradle.launcher.daemon.bootstrap.GradleDaemon 8.0
java_class_path (initial): C:\Users\User\.gradle\wrapper\dists\gradle-8.0-bin\ca5e32bp14vu59qr306oxotwh\gradle-8.0\lib\gradle-launcher-8.0.jar
Launcher Type: SUN_STANDARD

[Global flags]
     intx CICompilerCount                          = 3                                         {product} {ergonomic}
     uint ConcGCThreads                            = 1                                         {product} {ergonomic}
     uint G1ConcRefinementThreads                  = 4                                         {product} {ergonomic}
   size_t G1HeapRegionSize                         = 1048576                                   {product} {ergonomic}
    uintx GCDrainStackTargetSize                   = 64                                        {product} {ergonomic}
   size_t InitialHeapSize                          = 58720256                                  {product} {ergonomic}
   size_t MarkStackSize                            = 4194304                                   {product} {ergonomic}
   size_t MaxHeapSize                              = 2147483648                                {product} {command line}
   size_t MaxNewSize                               = 1287651328                                {product} {ergonomic}
   size_t MinHeapDeltaBytes                        = 1048576                                   {product} {ergonomic}
   size_t MinHeapSize                              = 8388608                                   {product} {ergonomic}
    uintx NonNMethodCodeHeapSize                   = 5832780                                {pd product} {ergonomic}
    uintx NonProfiledCodeHeapSize                  = 122912730                              {pd product} {ergonomic}
    uintx ProfiledCodeHeapSize                     = 122912730                              {pd product} {ergonomic}
    uintx ReservedCodeCacheSize                    = 251658240                              {pd product} {ergonomic}
     bool SegmentedCodeCache                       = true                                      {product} {ergonomic}
   size_t SoftMaxHeapSize                          = 2147483648                             {manageable} {ergonomic}
     bool UseCompressedClassPointers               = true                           {product lp64_product} {ergonomic}
     bool UseCompressedOops                        = true                           {product lp64_product} {ergonomic}
     bool UseG1GC                                  = true                                      {product} {ergonomic}
     bool UseLargePagesIndividualAllocation        = false                                  {pd product} {ergonomic}

Logging:
Log output configuration:
 #0: stdout all=warning uptime,level,tags
 #1: stderr all=off uptime,level,tags

Environment Variables:
JAVA_HOME=C:\Program Files\Java\jdk-11
PATH=C:\Program Files\Common Files\Oracle\Java\javapath;C:\WINDOWS\system32;C:\WINDOWS;C:\WINDOWS\System32\Wbem;C:\WINDOWS\System32\WindowsPowerShell\v1.0\;C:\WINDOWS\System32\OpenSSH\;C:\apache-tomcat-9.0.72\bin;C:\Program Files\Java\jdk-11\bin;C:\ngrok;C:\Users\User\AppData\Local\Microsoft\WindowsApps;;C:\Users\User\AppData\Local\Programs\Microsoft VS Code\bin
USERNAME=User
OS=Windows_NT
PROCESSOR_IDENTIFIER=AMD64 Family 23 Model 24 Stepping 1, AuthenticAMD
TMP=C:\Users\User\AppData\Local\Temp
TEMP=C:\Users\User\AppData\Local\Temp


JNI global refs:
JNI global refs: 23, weak refs: 0

JNI global refs memory usage: 843, weak refs: 841

OOME stack traces (most recent first):
Classloader memory used:
Loader bootstrap                                                                       : 1919K
Loader org.gradle.internal.classloader.VisitableURLClassLoader                         : 1755K
Loader org.gradle.initialization.MixInLegacyTypesClassLoader                           : 390K
Loader org.gradle.internal.classloader.VisitableURLClassLoader                         : 50761B
Loader jdk.internal.loader.ClassLoaders$AppClassLoader                                 : 26050B
Loader jdk.internal.reflect.DelegatingClassLoader                                      : 20311B
Loader jdk.internal.loader.ClassLoaders$PlatformClassLoader                            : 15583B

Classes loaded by more than one classloader:
Class org.gradle.api.GradleException                                                  : loaded 3 times (x 80B)
Class org.gradle.util.GradleVersion                                                   : loaded 2 times (x 81B)
Class org.gradle.internal.classpath.ClassPath                                         : loaded 2 times (x 68B)
Class org.gradle.api.internal.classpath.DefaultModuleRegistry                         : loaded 2 times (x 84B)
Class org.gradle.api.Action                                                           : loaded 2 times (x 68B)
Class org.gradle.api.internal.DefaultClassPathProvider                                : loaded 2 times (x 74B)
Class org.gradle.internal.installation.GradleInstallation$1                           : loaded 2 times (x 73B)
Class org.gradle.internal.exceptions.DefaultMultiCauseException                       : loaded 2 times (x 85B)
Class org.gradle.internal.time.MonotonicClock                                         : loaded 2 times (x 75B)
Class org.gradle.internal.classloader.FilteringClassLoader                            : loaded 2 times (x 102B)
Class org.gradle.internal.classpath.DefaultClassPath$ImmutableUniqueList$Builder      : loaded 2 times (x 73B)
Class org.gradle.internal.classloader.ClassLoaderVisitor                              : loaded 2 times (x 74B)
Class org.gradle.internal.time.DefaultCountdownTimer                                  : loaded 2 times (x 86B)
Class org.gradle.internal.service.DefaultServiceLocator                               : loaded 2 times (x 81B)
Class org.gradle.internal.service.UnknownServiceException                             : loaded 2 times (x 81B)
Class org.gradle.internal.classloader.DefaultClassLoaderFactory                       : loaded 2 times (x 80B)
Class org.gradle.internal.classloader.VisitableURLClassLoader$Spec                    : loaded 2 times (x 72B)
Class org.gradle.tooling.model.ProjectModel                                           : loaded 2 times (x 68B)
Class org.gradle.internal.installation.GradleInstallation                             : loaded 2 times (x 73B)
Class org.gradle.api.internal.classpath.ModuleRegistry                                : loaded 2 times (x 68B)
Class org.gradle.api.internal.ClassPathProvider                                       : loaded 2 times (x 68B)
Class org.gradle.internal.classloader.ClasspathUtil$1                                 : loaded 2 times (x 74B)
Class org.gradle.internal.classloader.ClassLoaderFactory                              : loaded 2 times (x 68B)
Class org.gradle.api.internal.classpath.ManifestUtil                                  : loaded 2 times (x 69B)
Class org.gradle.api.specs.Spec                                                       : loaded 2 times (x 68B)
Class org.gradle.internal.IoActions                                                   : loaded 2 times (x 69B)
Class org.gradle.api.internal.classpath.EffectiveClassPath                            : loaded 2 times (x 88B)
Class org.gradle.internal.installation.CurrentGradleInstallation                      : loaded 2 times (x 71B)
Class org.gradle.internal.installation.CurrentGradleInstallationLocator               : loaded 2 times (x 69B)
Class org.gradle.api.internal.classpath.Module                                        : loaded 2 times (x 68B)
Class org.gradle.internal.service.CachingServiceLocator                               : loaded 2 times (x 80B)
Class org.gradle.internal.time.Timer                                                  : loaded 2 times (x 68B)
Class org.gradle.internal.classpath.DefaultClassPath                                  : loaded 2 times (x 88B)
Class org.gradle.internal.time.Time                                                   : loaded 2 times (x 69B)
Class org.gradle.internal.time.TimeSource$1                                           : loaded 2 times (x 75B)
Class org.gradle.internal.classloader.SystemClassLoaderSpec                           : loaded 2 times (x 69B)
Class kotlin.Function                                                                 : loaded 2 times (x 68B)
Class org.gradle.api.UncheckedIOException                                             : loaded 2 times (x 80B)
Class org.gradle.internal.time.CountdownTimer                                         : loaded 2 times (x 68B)
Class org.gradle.internal.time.Clock                                                  : loaded 2 times (x 68B)
Class org.gradle.internal.classloader.ClasspathUtil                                   : loaded 2 times (x 69B)
Class org.gradle.api.internal.DefaultClassPathRegistry                                : loaded 2 times (x 74B)
Class org.gradle.api.internal.classpath.DefaultModuleRegistry$DefaultModule           : loaded 2 times (x 84B)
Class org.gradle.internal.time.TimeSource                                             : loaded 2 times (x 68B)
Class org.gradle.api.internal.classpath.UnknownModuleException                        : loaded 2 times (x 80B)
Class org.gradle.internal.service.ServiceLookupException                              : loaded 2 times (x 80B)
Class org.gradle.cache.GlobalCache                                                    : loaded 2 times (x 68B)
Class [Lorg.gradle.api.internal.ClassPathProvider;                                    : loaded 2 times (x 67B)
Class org.gradle.internal.operations.MultipleBuildOperationFailures                   : loaded 2 times (x 85B)
Class org.gradle.util.internal.GUtil                                                  : loaded 2 times (x 69B)
Class org.gradle.internal.classloader.ClassLoaderSpec                                 : loaded 2 times (x 69B)
Class org.gradle.internal.classloader.VisitableURLClassLoader                         : loaded 2 times (x 114B)
Class org.gradle.internal.Cast                                                        : loaded 2 times (x 69B)
Class org.gradle.api.internal.ClassPathRegistry                                       : loaded 2 times (x 68B)
Class org.gradle.internal.classloader.ClassLoaderHierarchy                            : loaded 2 times (x 68B)
Class org.gradle.internal.exceptions.MultiCauseException                              : loaded 2 times (x 68B)
Class org.gradle.internal.InternalTransformer                                         : loaded 2 times (x 68B)
Class org.gradle.internal.service.ServiceLocator                                      : loaded 2 times (x 68B)
Class org.gradle.internal.classpath.DefaultClassPath$ImmutableUniqueList              : loaded 2 times (x 159B)
Class org.gradle.internal.time.DefaultTimer                                           : loaded 2 times (x 78B)


---------------  S Y S T E M  ---------------

OS:
 Windows 11 , 64 bit Build 22621 (10.0.22621.2506)
OS uptime: 0 days 1:24 hours

CPU: total 4 (initial active 4) (4 cores per cpu, 2 threads per core) family 23 model 24 stepping 1 microcode 0x0, cx8, cmov, fxsr, ht, mmx, 3dnowpref, sse, sse2, sse3, ssse3, sse4a, sse4.1, sse4.2, popcnt, lzcnt, tsc, tscinvbit, avx, avx2, aes, clmul, bmi1, bmi2, adx, sha, fma, vzeroupper, clflush, clflushopt

Memory: 4k page, system-wide physical 3522M (15M free)
TotalPageFile size 14274M (AvailPageFile size 2M)
current process WorkingSet (physical memory assigned to process): 89M, peak: 140M
current process commit charge ("private bytes"): 212M, peak: 220M

vm_info: OpenJDK 64-Bit Server VM (17.0.7+0-b2043.56-10550314) for windows-amd64 JRE (17.0.7+0-b2043.56-10550314), built on Jul 24 2023 18:27:45 by "androidbuild" with MS VC++ 16.10 / 16.11 (VS2019)

END.
